<?xml version="1.0" encoding="UTF-8"?>
<testng-results ignored="0" total="1" passed="1" failed="0" skipped="0">
  <reporter-output>
  </reporter-output>
  <suite started-at="2022-01-13T16:26:56 IST" name="Default suite" finished-at="2022-01-13T16:27:06 IST" duration-ms="9506">
    <groups>
    </groups>
    <test started-at="2022-01-13T16:26:56 IST" name="Default test" finished-at="2022-01-13T16:27:06 IST" duration-ms="9506">
      <class name="restAPIExampleDemo.TC003_Post_Employee_Record">
        <test-method is-config="true" signature="createEmployee()[pri:0, instance:restAPIExampleDemo.TC003_Post_Employee_Record@3d6f0054]" started-at="2022-01-13T16:26:56 IST" name="createEmployee" finished-at="2022-01-13T16:27:06 IST" duration-ms="9415" status="PASS">
          <reporter-output>
          </reporter-output>
        </test-method> <!-- createEmployee -->
        <test-method signature="checkStatusCode()[pri:0, instance:restAPIExampleDemo.TC003_Post_Employee_Record@3d6f0054]" started-at="2022-01-13T16:27:06 IST" name="checkStatusCode" finished-at="2022-01-13T16:27:06 IST" duration-ms="11" status="PASS">
          <reporter-output>
          </reporter-output>
        </test-method> <!-- checkStatusCode -->
        <test-method is-config="true" signature="tearDown()[pri:0, instance:restAPIExampleDemo.TC003_Post_Employee_Record@3d6f0054]" started-at="2022-01-13T16:27:06 IST" name="tearDown" finished-at="2022-01-13T16:27:06 IST" duration-ms="3" status="PASS">
          <reporter-output>
          </reporter-output>
        </test-method> <!-- tearDown -->
      </class> <!-- restAPIExampleDemo.TC003_Post_Employee_Record -->
    </test> <!-- Default test -->
  </suite> <!-- Default suite -->
</testng-results>
